SF:lib/models/stock.dart
DA:13,0
DA:26,0
DA:27,0
DA:28,0
DA:29,0
DA:30,0
DA:31,0
DA:32,0
DA:33,0
DA:34,0
DA:35,0
DA:36,0
DA:37,0
DA:41,1
DA:43,1
DA:44,0
DA:45,0
DA:49,0
DA:51,0
DA:52,0
DA:53,0
DA:57,0
DA:58,0
DA:59,0
DA:60,0
DA:61,0
DA:62,0
DA:65,0
DA:66,0
DA:67,0
DA:70,0
DA:71,0
DA:72,0
DA:73,0
DA:74,0
DA:75,0
DA:88,1
DA:98,1
DA:99,1
DA:100,1
DA:101,1
DA:102,1
DA:103,2
DA:104,2
DA:105,2
DA:106,1
DA:110,5
DA:112,0
DA:114,0
DA:115,0
DA:116,0
DA:117,0
DA:118,0
DA:119,0
LF:54
LH:13
end_of_record
SF:lib/models/agent_result.dart
DA:10,1
DA:20,1
DA:21,1
DA:22,1
DA:23,1
DA:24,1
DA:25,1
DA:26,2
DA:27,1
DA:28,2
DA:32,5
DA:34,1
DA:35,1
DA:36,1
DA:38,1
DA:40,1
DA:42,0
DA:45,0
DA:49,1
DA:50,1
DA:51,1
DA:53,1
DA:55,0
DA:58,0
DA:69,1
DA:76,1
DA:77,1
DA:78,1
DA:79,1
DA:80,1
DA:81,2
DA:83,1
DA:87,1
DA:88,1
DA:89,1
DA:91,1
DA:93,1
DA:95,1
DA:98,0
DA:102,1
DA:103,2
DA:104,1
DA:106,0
DA:108,0
DA:115,1
DA:116,1
DA:118,0
DA:119,0
DA:121,0
DA:122,0
DA:123,0
DA:124,0
DA:126,0
LF:53
LH:39
end_of_record
